Command line:
   tb_control_isim_beh.exe
     -simmode  gui
     -simrunnum  2
     -socket  46861

Sat Jan 25 12:16:51 2025


 Elaboration Time: 0.08 sec

 Current Memory Usage: 215.663 Meg

 Total Signals          : 19
 Total Nets             : 14
 Total Signal Drivers   : 10
 Total Blocks           : 4
 Total Primitive Blocks : 3
 Total Processes        : 4
 Total Traceable Variables  : 14
 Total Scalar Nets and Variables : 498
Total Line Count : 56

 Total Simulation Time: 0.11 sec

 Current Memory Usage: 293.261 Meg

Sat Jan 25 12:17:54 2025

