Command line:
   tb_trafo_isim_beh.exe
     -simmode  gui
     -simrunnum  0
     -socket  55123

Sat Nov 23 16:59:39 2024


 Elaboration Time: 0.07 sec

 Current Memory Usage: 216.035 Meg

 Total Signals          : 36
 Total Nets             : 192
 Total Signal Drivers   : 12
 Total Blocks           : 10
 Total Primitive Blocks : 8
 Total Processes        : 5
 Total Traceable Variables  : 15
 Total Scalar Nets and Variables : 693
Total Line Count : 105

 Total Simulation Time: 0.1 sec

 Current Memory Usage: 293.634 Meg

Sat Nov 23 17:00:46 2024

