--------------------------------------------------------------------------------
Release 14.7 Trace  (lin64)
Copyright (c) 1995-2013 Xilinx, Inc.  All rights reserved.

/opt/Xilinx/14.7/ISE_DS/ISE/bin/lin64/unwrapped/trce -intstyle ise -v 3 -s 4 -n
3 -fastpaths -xml idea_com.twx idea_com.ncd -o idea_com.twr idea_com.pcf -ucf
idea_hw.ucf

Design file:              idea_com.ncd
Physical constraint file: idea_com.pcf
Device,package,speed:     xc3s500e,fg320,-4 (PRODUCTION 1.27 2013-10-13)
Report level:             verbose report

Environment Variable      Effect 
--------------------      ------ 
NONE                      No environment variables were set
--------------------------------------------------------------------------------

INFO:Timing:3412 - To improve timing, see the Timing Closure User Guide (UG612).
INFO:Timing:2752 - To get complete path coverage, use the unconstrained paths 
   option. All paths that are not constrained will be reported in the 
   unconstrained paths section(s) of the report.
INFO:Timing:3339 - The clock-to-out numbers in this timing report are based on 
   a 50 Ohm transmission line loading model.  For the details of this model, 
   and for more information on accounting for different loading conditions, 
   please see the device datasheet.
INFO:Timing:3390 - This architecture does not support a default System Jitter 
   value, please add SYSTEM_JITTER constraint to the UCF to modify the Clock 
   Uncertainty calculation.
INFO:Timing:3389 - This architecture does not support 'Discrete Jitter' and 
   'Phase Error' calculations, these terms will be zero in the Clock 
   Uncertainty calculation.  Please make appropriate modification to 
   SYSTEM_JITTER to account for the unsupported Discrete Jitter and Phase 
   Error.

================================================================================
Timing constraint: NET "Clk_BUFGP/IBUFG" PERIOD = 20 ns HIGH 40%;
For more information, see Period Analysis in the Timing Closure User Guide (UG612).

 2607 paths analyzed, 112 endpoints analyzed, 0 failing endpoints
 0 timing errors detected. (0 setup errors, 0 hold errors, 0 component switching limit errors)
 Minimum period is   8.401ns.
--------------------------------------------------------------------------------

Paths for end point clk_div_1/counter_4 (SLICE_X41Y68.SR), 63 paths
--------------------------------------------------------------------------------
Slack (setup path):     11.599ns (requirement - (data path - clock path skew + uncertainty))
  Source:               clk_div_1/counter_2 (FF)
  Destination:          clk_div_1/counter_4 (FF)
  Requirement:          20.000ns
  Data Path Delay:      8.401ns (Levels of Logic = 7)
  Clock Path Skew:      0.000ns
  Source Clock:         Clk_BUFGP rising at 0.000ns
  Destination Clock:    Clk_BUFGP rising at 20.000ns
  Clock Uncertainty:    0.000ns

  Maximum Data Path: clk_div_1/counter_2 to clk_div_1/counter_4
    Location             Delay type         Delay(ns)  Physical Resource
                                                       Logical Resource(s)
    -------------------------------------------------  -------------------
    SLICE_X41Y67.XQ      Tcko                  0.591   clk_div_1/counter<2>
                                                       clk_div_1/counter_2
    SLICE_X37Y70.G1      net (fanout=3)        1.665   clk_div_1/counter<2>
    SLICE_X37Y70.COUT    Topcyg                1.001   clk_div_1/Mcompar_CLK_OUT_cmp_lt0001_cy<1>
                                                       clk_div_1/Mcompar_CLK_OUT_cmp_lt0001_lut<1>
                                                       clk_div_1/Mcompar_CLK_OUT_cmp_lt0001_cy<1>
    SLICE_X37Y71.CIN     net (fanout=1)        0.000   clk_div_1/Mcompar_CLK_OUT_cmp_lt0001_cy<1>
    SLICE_X37Y71.COUT    Tbyp                  0.118   clk_div_1/Mcompar_CLK_OUT_cmp_lt0001_cy<3>
                                                       clk_div_1/Mcompar_CLK_OUT_cmp_lt0001_cy<2>
                                                       clk_div_1/Mcompar_CLK_OUT_cmp_lt0001_cy<3>
    SLICE_X37Y72.CIN     net (fanout=1)        0.000   clk_div_1/Mcompar_CLK_OUT_cmp_lt0001_cy<3>
    SLICE_X37Y72.COUT    Tbyp                  0.118   clk_div_1/Mcompar_CLK_OUT_cmp_lt0001_cy<5>
                                                       clk_div_1/Mcompar_CLK_OUT_cmp_lt0001_cy<4>
                                                       clk_div_1/Mcompar_CLK_OUT_cmp_lt0001_cy<5>
    SLICE_X37Y73.CIN     net (fanout=1)        0.000   clk_div_1/Mcompar_CLK_OUT_cmp_lt0001_cy<5>
    SLICE_X37Y73.COUT    Tbyp                  0.118   clk_div_1/Mcompar_CLK_OUT_cmp_lt0001_cy<7>
                                                       clk_div_1/Mcompar_CLK_OUT_cmp_lt0001_cy<6>
                                                       clk_div_1/Mcompar_CLK_OUT_cmp_lt0001_cy<7>
    SLICE_X37Y74.CIN     net (fanout=1)        0.000   clk_div_1/Mcompar_CLK_OUT_cmp_lt0001_cy<7>
    SLICE_X37Y74.COUT    Tbyp                  0.118   clk_div_1/Mcompar_CLK_OUT_cmp_lt0001_cy<9>
                                                       clk_div_1/Mcompar_CLK_OUT_cmp_lt0001_cy<8>
                                                       clk_div_1/Mcompar_CLK_OUT_cmp_lt0001_cy<9>
    SLICE_X37Y75.CIN     net (fanout=1)        0.000   clk_div_1/Mcompar_CLK_OUT_cmp_lt0001_cy<9>
    SLICE_X37Y75.COUT    Tbyp                  0.118   clk_div_1/Mcompar_CLK_OUT_cmp_lt0001_cy<11>
                                                       clk_div_1/Mcompar_CLK_OUT_cmp_lt0001_cy<10>
                                                       clk_div_1/Mcompar_CLK_OUT_cmp_lt0001_cy<11>
    SLICE_X36Y78.G1      net (fanout=2)        0.857   clk_div_1/Mcompar_CLK_OUT_cmp_lt0001_cy<11>
    SLICE_X36Y78.Y       Tilo                  0.759   clk_div_1/counter_and0000
                                                       clk_div_1/counter_and00001
    SLICE_X41Y68.SR      net (fanout=16)       2.028   clk_div_1/counter_and0000
    SLICE_X41Y68.CLK     Tsrck                 0.910   clk_div_1/counter<4>
                                                       clk_div_1/counter_4
    -------------------------------------------------  ---------------------------
    Total                                      8.401ns (3.851ns logic, 4.550ns route)
                                                       (45.8% logic, 54.2% route)

--------------------------------------------------------------------------------
Slack (setup path):     11.868ns (requirement - (data path - clock path skew + uncertainty))
  Source:               clk_div_1/counter_10 (FF)
  Destination:          clk_div_1/counter_4 (FF)
  Requirement:          20.000ns
  Data Path Delay:      8.113ns (Levels of Logic = 5)
  Clock Path Skew:      -0.019ns (0.079 - 0.098)
  Source Clock:         Clk_BUFGP rising at 0.000ns
  Destination Clock:    Clk_BUFGP rising at 20.000ns
  Clock Uncertainty:    0.000ns

  Maximum Data Path: clk_div_1/counter_10 to clk_div_1/counter_4
    Location             Delay type         Delay(ns)  Physical Resource
                                                       Logical Resource(s)
    -------------------------------------------------  -------------------
    SLICE_X41Y71.XQ      Tcko                  0.591   clk_div_1/counter<10>
                                                       clk_div_1/counter_10
    SLICE_X39Y72.G2      net (fanout=3)        1.343   clk_div_1/counter<10>
    SLICE_X39Y72.COUT    Topcyg                1.001   clk_div_1/Mcompar_CLK_OUT_cmp_lt0001_cy<5>1
                                                       clk_div_1/Mcompar_CLK_OUT_cmp_lt0001_lut<5>1
                                                       clk_div_1/Mcompar_CLK_OUT_cmp_lt0001_cy<5>_0
    SLICE_X39Y73.CIN     net (fanout=1)        0.000   clk_div_1/Mcompar_CLK_OUT_cmp_lt0001_cy<5>1
    SLICE_X39Y73.COUT    Tbyp                  0.118   clk_div_1/Mcompar_CLK_OUT_cmp_lt0001_cy<7>1
                                                       clk_div_1/Mcompar_CLK_OUT_cmp_lt0001_cy<6>_0
                                                       clk_div_1/Mcompar_CLK_OUT_cmp_lt0001_cy<7>_0
    SLICE_X39Y74.CIN     net (fanout=1)        0.000   clk_div_1/Mcompar_CLK_OUT_cmp_lt0001_cy<7>1
    SLICE_X39Y74.COUT    Tbyp                  0.118   clk_div_1/Mcompar_CLK_OUT_cmp_lt0001_cy<9>1
                                                       clk_div_1/Mcompar_CLK_OUT_cmp_lt0001_cy<8>_0
                                                       clk_div_1/Mcompar_CLK_OUT_cmp_lt0001_cy<9>_0
    SLICE_X39Y75.CIN     net (fanout=1)        0.000   clk_div_1/Mcompar_CLK_OUT_cmp_lt0001_cy<9>1
    SLICE_X39Y75.COUT    Tbyp                  0.118   clk_div_1/Mcompar_CLK_OUT_cmp_lt0001_cy<11>1
                                                       clk_div_1/Mcompar_CLK_OUT_cmp_lt0001_cy<10>_0
                                                       clk_div_1/Mcompar_CLK_OUT_cmp_lt0001_cy<11>_0
    SLICE_X36Y78.G4      net (fanout=2)        1.127   clk_div_1/Mcompar_CLK_OUT_cmp_lt0001_cy<11>1
    SLICE_X36Y78.Y       Tilo                  0.759   clk_div_1/counter_and0000
                                                       clk_div_1/counter_and00001
    SLICE_X41Y68.SR      net (fanout=16)       2.028   clk_div_1/counter_and0000
    SLICE_X41Y68.CLK     Tsrck                 0.910   clk_div_1/counter<4>
                                                       clk_div_1/counter_4
    -------------------------------------------------  ---------------------------
    Total                                      8.113ns (3.615ns logic, 4.498ns route)
                                                       (44.6% logic, 55.4% route)

--------------------------------------------------------------------------------
Slack (setup path):     12.079ns (requirement - (data path - clock path skew + uncertainty))
  Source:               clk_div_1/counter_1 (FF)
  Destination:          clk_div_1/counter_4 (FF)
  Requirement:          20.000ns
  Data Path Delay:      7.921ns (Levels of Logic = 7)
  Clock Path Skew:      0.000ns
  Source Clock:         Clk_BUFGP rising at 0.000ns
  Destination Clock:    Clk_BUFGP rising at 20.000ns
  Clock Uncertainty:    0.000ns

  Maximum Data Path: clk_div_1/counter_1 to clk_div_1/counter_4
    Location             Delay type         Delay(ns)  Physical Resource
                                                       Logical Resource(s)
    -------------------------------------------------  -------------------
    SLICE_X41Y66.YQ      Tcko                  0.587   clk_div_1/counter<0>
                                                       clk_div_1/counter_1
    SLICE_X37Y70.F2      net (fanout=3)        1.028   clk_div_1/counter<1>
    SLICE_X37Y70.COUT    Topcyf                1.162   clk_div_1/Mcompar_CLK_OUT_cmp_lt0001_cy<1>
                                                       clk_div_1/counter<1>_rt.1
                                                       clk_div_1/Mcompar_CLK_OUT_cmp_lt0001_cy<0>
                                                       clk_div_1/Mcompar_CLK_OUT_cmp_lt0001_cy<1>
    SLICE_X37Y71.CIN     net (fanout=1)        0.000   clk_div_1/Mcompar_CLK_OUT_cmp_lt0001_cy<1>
    SLICE_X37Y71.COUT    Tbyp                  0.118   clk_div_1/Mcompar_CLK_OUT_cmp_lt0001_cy<3>
                                                       clk_div_1/Mcompar_CLK_OUT_cmp_lt0001_cy<2>
                                                       clk_div_1/Mcompar_CLK_OUT_cmp_lt0001_cy<3>
    SLICE_X37Y72.CIN     net (fanout=1)        0.000   clk_div_1/Mcompar_CLK_OUT_cmp_lt0001_cy<3>
    SLICE_X37Y72.COUT    Tbyp                  0.118   clk_div_1/Mcompar_CLK_OUT_cmp_lt0001_cy<5>
                                                       clk_div_1/Mcompar_CLK_OUT_cmp_lt0001_cy<4>
                                                       clk_div_1/Mcompar_CLK_OUT_cmp_lt0001_cy<5>
    SLICE_X37Y73.CIN     net (fanout=1)        0.000   clk_div_1/Mcompar_CLK_OUT_cmp_lt0001_cy<5>
    SLICE_X37Y73.COUT    Tbyp                  0.118   clk_div_1/Mcompar_CLK_OUT_cmp_lt0001_cy<7>
                                                       clk_div_1/Mcompar_CLK_OUT_cmp_lt0001_cy<6>
                                                       clk_div_1/Mcompar_CLK_OUT_cmp_lt0001_cy<7>
    SLICE_X37Y74.CIN     net (fanout=1)        0.000   clk_div_1/Mcompar_CLK_OUT_cmp_lt0001_cy<7>
    SLICE_X37Y74.COUT    Tbyp                  0.118   clk_div_1/Mcompar_CLK_OUT_cmp_lt0001_cy<9>
                                                       clk_div_1/Mcompar_CLK_OUT_cmp_lt0001_cy<8>
                                                       clk_div_1/Mcompar_CLK_OUT_cmp_lt0001_cy<9>
    SLICE_X37Y75.CIN     net (fanout=1)        0.000   clk_div_1/Mcompar_CLK_OUT_cmp_lt0001_cy<9>
    SLICE_X37Y75.COUT    Tbyp                  0.118   clk_div_1/Mcompar_CLK_OUT_cmp_lt0001_cy<11>
                                                       clk_div_1/Mcompar_CLK_OUT_cmp_lt0001_cy<10>
                                                       clk_div_1/Mcompar_CLK_OUT_cmp_lt0001_cy<11>
    SLICE_X36Y78.G1      net (fanout=2)        0.857   clk_div_1/Mcompar_CLK_OUT_cmp_lt0001_cy<11>
    SLICE_X36Y78.Y       Tilo                  0.759   clk_div_1/counter_and0000
                                                       clk_div_1/counter_and00001
    SLICE_X41Y68.SR      net (fanout=16)       2.028   clk_div_1/counter_and0000
    SLICE_X41Y68.CLK     Tsrck                 0.910   clk_div_1/counter<4>
                                                       clk_div_1/counter_4
    -------------------------------------------------  ---------------------------
    Total                                      7.921ns (4.008ns logic, 3.913ns route)
                                                       (50.6% logic, 49.4% route)

--------------------------------------------------------------------------------

Paths for end point clk_div_1/counter_5 (SLICE_X41Y68.SR), 63 paths
--------------------------------------------------------------------------------
Slack (setup path):     11.599ns (requirement - (data path - clock path skew + uncertainty))
  Source:               clk_div_1/counter_2 (FF)
  Destination:          clk_div_1/counter_5 (FF)
  Requirement:          20.000ns
  Data Path Delay:      8.401ns (Levels of Logic = 7)
  Clock Path Skew:      0.000ns
  Source Clock:         Clk_BUFGP rising at 0.000ns
  Destination Clock:    Clk_BUFGP rising at 20.000ns
  Clock Uncertainty:    0.000ns

  Maximum Data Path: clk_div_1/counter_2 to clk_div_1/counter_5
    Location             Delay type         Delay(ns)  Physical Resource
                                                       Logical Resource(s)
    -------------------------------------------------  -------------------
    SLICE_X41Y67.XQ      Tcko                  0.591   clk_div_1/counter<2>
                                                       clk_div_1/counter_2
    SLICE_X37Y70.G1      net (fanout=3)        1.665   clk_div_1/counter<2>
    SLICE_X37Y70.COUT    Topcyg                1.001   clk_div_1/Mcompar_CLK_OUT_cmp_lt0001_cy<1>
                                                       clk_div_1/Mcompar_CLK_OUT_cmp_lt0001_lut<1>
                                                       clk_div_1/Mcompar_CLK_OUT_cmp_lt0001_cy<1>
    SLICE_X37Y71.CIN     net (fanout=1)        0.000   clk_div_1/Mcompar_CLK_OUT_cmp_lt0001_cy<1>
    SLICE_X37Y71.COUT    Tbyp                  0.118   clk_div_1/Mcompar_CLK_OUT_cmp_lt0001_cy<3>
                                                       clk_div_1/Mcompar_CLK_OUT_cmp_lt0001_cy<2>
                                                       clk_div_1/Mcompar_CLK_OUT_cmp_lt0001_cy<3>
    SLICE_X37Y72.CIN     net (fanout=1)        0.000   clk_div_1/Mcompar_CLK_OUT_cmp_lt0001_cy<3>
    SLICE_X37Y72.COUT    Tbyp                  0.118   clk_div_1/Mcompar_CLK_OUT_cmp_lt0001_cy<5>
                                                       clk_div_1/Mcompar_CLK_OUT_cmp_lt0001_cy<4>
                                                       clk_div_1/Mcompar_CLK_OUT_cmp_lt0001_cy<5>
    SLICE_X37Y73.CIN     net (fanout=1)        0.000   clk_div_1/Mcompar_CLK_OUT_cmp_lt0001_cy<5>
    SLICE_X37Y73.COUT    Tbyp                  0.118   clk_div_1/Mcompar_CLK_OUT_cmp_lt0001_cy<7>
                                                       clk_div_1/Mcompar_CLK_OUT_cmp_lt0001_cy<6>
                                                       clk_div_1/Mcompar_CLK_OUT_cmp_lt0001_cy<7>
    SLICE_X37Y74.CIN     net (fanout=1)        0.000   clk_div_1/Mcompar_CLK_OUT_cmp_lt0001_cy<7>
    SLICE_X37Y74.COUT    Tbyp                  0.118   clk_div_1/Mcompar_CLK_OUT_cmp_lt0001_cy<9>
                                                       clk_div_1/Mcompar_CLK_OUT_cmp_lt0001_cy<8>
                                                       clk_div_1/Mcompar_CLK_OUT_cmp_lt0001_cy<9>
    SLICE_X37Y75.CIN     net (fanout=1)        0.000   clk_div_1/Mcompar_CLK_OUT_cmp_lt0001_cy<9>
    SLICE_X37Y75.COUT    Tbyp                  0.118   clk_div_1/Mcompar_CLK_OUT_cmp_lt0001_cy<11>
                                                       clk_div_1/Mcompar_CLK_OUT_cmp_lt0001_cy<10>
                                                       clk_div_1/Mcompar_CLK_OUT_cmp_lt0001_cy<11>
    SLICE_X36Y78.G1      net (fanout=2)        0.857   clk_div_1/Mcompar_CLK_OUT_cmp_lt0001_cy<11>
    SLICE_X36Y78.Y       Tilo                  0.759   clk_div_1/counter_and0000
                                                       clk_div_1/counter_and00001
    SLICE_X41Y68.SR      net (fanout=16)       2.028   clk_div_1/counter_and0000
    SLICE_X41Y68.CLK     Tsrck                 0.910   clk_div_1/counter<4>
                                                       clk_div_1/counter_5
    -------------------------------------------------  ---------------------------
    Total                                      8.401ns (3.851ns logic, 4.550ns route)
                                                       (45.8% logic, 54.2% route)

--------------------------------------------------------------------------------
Slack (setup path):     11.868ns (requirement - (data path - clock path skew + uncertainty))
  Source:               clk_div_1/counter_10 (FF)
  Destination:          clk_div_1/counter_5 (FF)
  Requirement:          20.000ns
  Data Path Delay:      8.113ns (Levels of Logic = 5)
  Clock Path Skew:      -0.019ns (0.079 - 0.098)
  Source Clock:         Clk_BUFGP rising at 0.000ns
  Destination Clock:    Clk_BUFGP rising at 20.000ns
  Clock Uncertainty:    0.000ns

  Maximum Data Path: clk_div_1/counter_10 to clk_div_1/counter_5
    Location             Delay type         Delay(ns)  Physical Resource
                                                       Logical Resource(s)
    -------------------------------------------------  -------------------
    SLICE_X41Y71.XQ      Tcko                  0.591   clk_div_1/counter<10>
                                                       clk_div_1/counter_10
    SLICE_X39Y72.G2      net (fanout=3)        1.343   clk_div_1/counter<10>
    SLICE_X39Y72.COUT    Topcyg                1.001   clk_div_1/Mcompar_CLK_OUT_cmp_lt0001_cy<5>1
                                                       clk_div_1/Mcompar_CLK_OUT_cmp_lt0001_lut<5>1
                                                       clk_div_1/Mcompar_CLK_OUT_cmp_lt0001_cy<5>_0
    SLICE_X39Y73.CIN     net (fanout=1)        0.000   clk_div_1/Mcompar_CLK_OUT_cmp_lt0001_cy<5>1
    SLICE_X39Y73.COUT    Tbyp                  0.118   clk_div_1/Mcompar_CLK_OUT_cmp_lt0001_cy<7>1
                                                       clk_div_1/Mcompar_CLK_OUT_cmp_lt0001_cy<6>_0
                                                       clk_div_1/Mcompar_CLK_OUT_cmp_lt0001_cy<7>_0
    SLICE_X39Y74.CIN     net (fanout=1)        0.000   clk_div_1/Mcompar_CLK_OUT_cmp_lt0001_cy<7>1
    SLICE_X39Y74.COUT    Tbyp                  0.118   clk_div_1/Mcompar_CLK_OUT_cmp_lt0001_cy<9>1
                                                       clk_div_1/Mcompar_CLK_OUT_cmp_lt0001_cy<8>_0
                                                       clk_div_1/Mcompar_CLK_OUT_cmp_lt0001_cy<9>_0
    SLICE_X39Y75.CIN     net (fanout=1)        0.000   clk_div_1/Mcompar_CLK_OUT_cmp_lt0001_cy<9>1
    SLICE_X39Y75.COUT    Tbyp                  0.118   clk_div_1/Mcompar_CLK_OUT_cmp_lt0001_cy<11>1
                                                       clk_div_1/Mcompar_CLK_OUT_cmp_lt0001_cy<10>_0
                                                       clk_div_1/Mcompar_CLK_OUT_cmp_lt0001_cy<11>_0
    SLICE_X36Y78.G4      net (fanout=2)        1.127   clk_div_1/Mcompar_CLK_OUT_cmp_lt0001_cy<11>1
    SLICE_X36Y78.Y       Tilo                  0.759   clk_div_1/counter_and0000
                                                       clk_div_1/counter_and00001
    SLICE_X41Y68.SR      net (fanout=16)       2.028   clk_div_1/counter_and0000
    SLICE_X41Y68.CLK     Tsrck                 0.910   clk_div_1/counter<4>
                                                       clk_div_1/counter_5
    -------------------------------------------------  ---------------------------
    Total                                      8.113ns (3.615ns logic, 4.498ns route)
                                                       (44.6% logic, 55.4% route)

--------------------------------------------------------------------------------
Slack (setup path):     12.079ns (requirement - (data path - clock path skew + uncertainty))
  Source:               clk_div_1/counter_1 (FF)
  Destination:          clk_div_1/counter_5 (FF)
  Requirement:          20.000ns
  Data Path Delay:      7.921ns (Levels of Logic = 7)
  Clock Path Skew:      0.000ns
  Source Clock:         Clk_BUFGP rising at 0.000ns
  Destination Clock:    Clk_BUFGP rising at 20.000ns
  Clock Uncertainty:    0.000ns

  Maximum Data Path: clk_div_1/counter_1 to clk_div_1/counter_5
    Location             Delay type         Delay(ns)  Physical Resource
                                                       Logical Resource(s)
    -------------------------------------------------  -------------------
    SLICE_X41Y66.YQ      Tcko                  0.587   clk_div_1/counter<0>
                                                       clk_div_1/counter_1
    SLICE_X37Y70.F2      net (fanout=3)        1.028   clk_div_1/counter<1>
    SLICE_X37Y70.COUT    Topcyf                1.162   clk_div_1/Mcompar_CLK_OUT_cmp_lt0001_cy<1>
                                                       clk_div_1/counter<1>_rt.1
                                                       clk_div_1/Mcompar_CLK_OUT_cmp_lt0001_cy<0>
                                                       clk_div_1/Mcompar_CLK_OUT_cmp_lt0001_cy<1>
    SLICE_X37Y71.CIN     net (fanout=1)        0.000   clk_div_1/Mcompar_CLK_OUT_cmp_lt0001_cy<1>
    SLICE_X37Y71.COUT    Tbyp                  0.118   clk_div_1/Mcompar_CLK_OUT_cmp_lt0001_cy<3>
                                                       clk_div_1/Mcompar_CLK_OUT_cmp_lt0001_cy<2>
                                                       clk_div_1/Mcompar_CLK_OUT_cmp_lt0001_cy<3>
    SLICE_X37Y72.CIN     net (fanout=1)        0.000   clk_div_1/Mcompar_CLK_OUT_cmp_lt0001_cy<3>
    SLICE_X37Y72.COUT    Tbyp                  0.118   clk_div_1/Mcompar_CLK_OUT_cmp_lt0001_cy<5>
                                                       clk_div_1/Mcompar_CLK_OUT_cmp_lt0001_cy<4>
                                                       clk_div_1/Mcompar_CLK_OUT_cmp_lt0001_cy<5>
    SLICE_X37Y73.CIN     net (fanout=1)        0.000   clk_div_1/Mcompar_CLK_OUT_cmp_lt0001_cy<5>
    SLICE_X37Y73.COUT    Tbyp                  0.118   clk_div_1/Mcompar_CLK_OUT_cmp_lt0001_cy<7>
                                                       clk_div_1/Mcompar_CLK_OUT_cmp_lt0001_cy<6>
                                                       clk_div_1/Mcompar_CLK_OUT_cmp_lt0001_cy<7>
    SLICE_X37Y74.CIN     net (fanout=1)        0.000   clk_div_1/Mcompar_CLK_OUT_cmp_lt0001_cy<7>
    SLICE_X37Y74.COUT    Tbyp                  0.118   clk_div_1/Mcompar_CLK_OUT_cmp_lt0001_cy<9>
                                                       clk_div_1/Mcompar_CLK_OUT_cmp_lt0001_cy<8>
                                                       clk_div_1/Mcompar_CLK_OUT_cmp_lt0001_cy<9>
    SLICE_X37Y75.CIN     net (fanout=1)        0.000   clk_div_1/Mcompar_CLK_OUT_cmp_lt0001_cy<9>
    SLICE_X37Y75.COUT    Tbyp                  0.118   clk_div_1/Mcompar_CLK_OUT_cmp_lt0001_cy<11>
                                                       clk_div_1/Mcompar_CLK_OUT_cmp_lt0001_cy<10>
                                                       clk_div_1/Mcompar_CLK_OUT_cmp_lt0001_cy<11>
    SLICE_X36Y78.G1      net (fanout=2)        0.857   clk_div_1/Mcompar_CLK_OUT_cmp_lt0001_cy<11>
    SLICE_X36Y78.Y       Tilo                  0.759   clk_div_1/counter_and0000
                                                       clk_div_1/counter_and00001
    SLICE_X41Y68.SR      net (fanout=16)       2.028   clk_div_1/counter_and0000
    SLICE_X41Y68.CLK     Tsrck                 0.910   clk_div_1/counter<4>
                                                       clk_div_1/counter_5
    -------------------------------------------------  ---------------------------
    Total                                      7.921ns (4.008ns logic, 3.913ns route)
                                                       (50.6% logic, 49.4% route)

--------------------------------------------------------------------------------

Paths for end point clk_div_1/counter_6 (SLICE_X41Y69.SR), 63 paths
--------------------------------------------------------------------------------
Slack (setup path):     11.599ns (requirement - (data path - clock path skew + uncertainty))
  Source:               clk_div_1/counter_2 (FF)
  Destination:          clk_div_1/counter_6 (FF)
  Requirement:          20.000ns
  Data Path Delay:      8.401ns (Levels of Logic = 7)
  Clock Path Skew:      0.000ns
  Source Clock:         Clk_BUFGP rising at 0.000ns
  Destination Clock:    Clk_BUFGP rising at 20.000ns
  Clock Uncertainty:    0.000ns

  Maximum Data Path: clk_div_1/counter_2 to clk_div_1/counter_6
    Location             Delay type         Delay(ns)  Physical Resource
                                                       Logical Resource(s)
    -------------------------------------------------  -------------------
    SLICE_X41Y67.XQ      Tcko                  0.591   clk_div_1/counter<2>
                                                       clk_div_1/counter_2
    SLICE_X37Y70.G1      net (fanout=3)        1.665   clk_div_1/counter<2>
    SLICE_X37Y70.COUT    Topcyg                1.001   clk_div_1/Mcompar_CLK_OUT_cmp_lt0001_cy<1>
                                                       clk_div_1/Mcompar_CLK_OUT_cmp_lt0001_lut<1>
                                                       clk_div_1/Mcompar_CLK_OUT_cmp_lt0001_cy<1>
    SLICE_X37Y71.CIN     net (fanout=1)        0.000   clk_div_1/Mcompar_CLK_OUT_cmp_lt0001_cy<1>
    SLICE_X37Y71.COUT    Tbyp                  0.118   clk_div_1/Mcompar_CLK_OUT_cmp_lt0001_cy<3>
                                                       clk_div_1/Mcompar_CLK_OUT_cmp_lt0001_cy<2>
                                                       clk_div_1/Mcompar_CLK_OUT_cmp_lt0001_cy<3>
    SLICE_X37Y72.CIN     net (fanout=1)        0.000   clk_div_1/Mcompar_CLK_OUT_cmp_lt0001_cy<3>
    SLICE_X37Y72.COUT    Tbyp                  0.118   clk_div_1/Mcompar_CLK_OUT_cmp_lt0001_cy<5>
                                                       clk_div_1/Mcompar_CLK_OUT_cmp_lt0001_cy<4>
                                                       clk_div_1/Mcompar_CLK_OUT_cmp_lt0001_cy<5>
    SLICE_X37Y73.CIN     net (fanout=1)        0.000   clk_div_1/Mcompar_CLK_OUT_cmp_lt0001_cy<5>
    SLICE_X37Y73.COUT    Tbyp                  0.118   clk_div_1/Mcompar_CLK_OUT_cmp_lt0001_cy<7>
                                                       clk_div_1/Mcompar_CLK_OUT_cmp_lt0001_cy<6>
                                                       clk_div_1/Mcompar_CLK_OUT_cmp_lt0001_cy<7>
    SLICE_X37Y74.CIN     net (fanout=1)        0.000   clk_div_1/Mcompar_CLK_OUT_cmp_lt0001_cy<7>
    SLICE_X37Y74.COUT    Tbyp                  0.118   clk_div_1/Mcompar_CLK_OUT_cmp_lt0001_cy<9>
                                                       clk_div_1/Mcompar_CLK_OUT_cmp_lt0001_cy<8>
                                                       clk_div_1/Mcompar_CLK_OUT_cmp_lt0001_cy<9>
    SLICE_X37Y75.CIN     net (fanout=1)        0.000   clk_div_1/Mcompar_CLK_OUT_cmp_lt0001_cy<9>
    SLICE_X37Y75.COUT    Tbyp                  0.118   clk_div_1/Mcompar_CLK_OUT_cmp_lt0001_cy<11>
                                                       clk_div_1/Mcompar_CLK_OUT_cmp_lt0001_cy<10>
                                                       clk_div_1/Mcompar_CLK_OUT_cmp_lt0001_cy<11>
    SLICE_X36Y78.G1      net (fanout=2)        0.857   clk_div_1/Mcompar_CLK_OUT_cmp_lt0001_cy<11>
    SLICE_X36Y78.Y       Tilo                  0.759   clk_div_1/counter_and0000
                                                       clk_div_1/counter_and00001
    SLICE_X41Y69.SR      net (fanout=16)       2.028   clk_div_1/counter_and0000
    SLICE_X41Y69.CLK     Tsrck                 0.910   clk_div_1/counter<6>
                                                       clk_div_1/counter_6
    -------------------------------------------------  ---------------------------
    Total                                      8.401ns (3.851ns logic, 4.550ns route)
                                                       (45.8% logic, 54.2% route)

--------------------------------------------------------------------------------
Slack (setup path):     11.868ns (requirement - (data path - clock path skew + uncertainty))
  Source:               clk_div_1/counter_10 (FF)
  Destination:          clk_div_1/counter_6 (FF)
  Requirement:          20.000ns
  Data Path Delay:      8.113ns (Levels of Logic = 5)
  Clock Path Skew:      -0.019ns (0.079 - 0.098)
  Source Clock:         Clk_BUFGP rising at 0.000ns
  Destination Clock:    Clk_BUFGP rising at 20.000ns
  Clock Uncertainty:    0.000ns

  Maximum Data Path: clk_div_1/counter_10 to clk_div_1/counter_6
    Location             Delay type         Delay(ns)  Physical Resource
                                                       Logical Resource(s)
    -------------------------------------------------  -------------------
    SLICE_X41Y71.XQ      Tcko                  0.591   clk_div_1/counter<10>
                                                       clk_div_1/counter_10
    SLICE_X39Y72.G2      net (fanout=3)        1.343   clk_div_1/counter<10>
    SLICE_X39Y72.COUT    Topcyg                1.001   clk_div_1/Mcompar_CLK_OUT_cmp_lt0001_cy<5>1
                                                       clk_div_1/Mcompar_CLK_OUT_cmp_lt0001_lut<5>1
                                                       clk_div_1/Mcompar_CLK_OUT_cmp_lt0001_cy<5>_0
    SLICE_X39Y73.CIN     net (fanout=1)        0.000   clk_div_1/Mcompar_CLK_OUT_cmp_lt0001_cy<5>1
    SLICE_X39Y73.COUT    Tbyp                  0.118   clk_div_1/Mcompar_CLK_OUT_cmp_lt0001_cy<7>1
                                                       clk_div_1/Mcompar_CLK_OUT_cmp_lt0001_cy<6>_0
                                                       clk_div_1/Mcompar_CLK_OUT_cmp_lt0001_cy<7>_0
    SLICE_X39Y74.CIN     net (fanout=1)        0.000   clk_div_1/Mcompar_CLK_OUT_cmp_lt0001_cy<7>1
    SLICE_X39Y74.COUT    Tbyp                  0.118   clk_div_1/Mcompar_CLK_OUT_cmp_lt0001_cy<9>1
                                                       clk_div_1/Mcompar_CLK_OUT_cmp_lt0001_cy<8>_0
                                                       clk_div_1/Mcompar_CLK_OUT_cmp_lt0001_cy<9>_0
    SLICE_X39Y75.CIN     net (fanout=1)        0.000   clk_div_1/Mcompar_CLK_OUT_cmp_lt0001_cy<9>1
    SLICE_X39Y75.COUT    Tbyp                  0.118   clk_div_1/Mcompar_CLK_OUT_cmp_lt0001_cy<11>1
                                                       clk_div_1/Mcompar_CLK_OUT_cmp_lt0001_cy<10>_0
                                                       clk_div_1/Mcompar_CLK_OUT_cmp_lt0001_cy<11>_0
    SLICE_X36Y78.G4      net (fanout=2)        1.127   clk_div_1/Mcompar_CLK_OUT_cmp_lt0001_cy<11>1
    SLICE_X36Y78.Y       Tilo                  0.759   clk_div_1/counter_and0000
                                                       clk_div_1/counter_and00001
    SLICE_X41Y69.SR      net (fanout=16)       2.028   clk_div_1/counter_and0000
    SLICE_X41Y69.CLK     Tsrck                 0.910   clk_div_1/counter<6>
                                                       clk_div_1/counter_6
    -------------------------------------------------  ---------------------------
    Total                                      8.113ns (3.615ns logic, 4.498ns route)
                                                       (44.6% logic, 55.4% route)

--------------------------------------------------------------------------------
Slack (setup path):     12.079ns (requirement - (data path - clock path skew + uncertainty))
  Source:               clk_div_1/counter_1 (FF)
  Destination:          clk_div_1/counter_6 (FF)
  Requirement:          20.000ns
  Data Path Delay:      7.921ns (Levels of Logic = 7)
  Clock Path Skew:      0.000ns
  Source Clock:         Clk_BUFGP rising at 0.000ns
  Destination Clock:    Clk_BUFGP rising at 20.000ns
  Clock Uncertainty:    0.000ns

  Maximum Data Path: clk_div_1/counter_1 to clk_div_1/counter_6
    Location             Delay type         Delay(ns)  Physical Resource
                                                       Logical Resource(s)
    -------------------------------------------------  -------------------
    SLICE_X41Y66.YQ      Tcko                  0.587   clk_div_1/counter<0>
                                                       clk_div_1/counter_1
    SLICE_X37Y70.F2      net (fanout=3)        1.028   clk_div_1/counter<1>
    SLICE_X37Y70.COUT    Topcyf                1.162   clk_div_1/Mcompar_CLK_OUT_cmp_lt0001_cy<1>
                                                       clk_div_1/counter<1>_rt.1
                                                       clk_div_1/Mcompar_CLK_OUT_cmp_lt0001_cy<0>
                                                       clk_div_1/Mcompar_CLK_OUT_cmp_lt0001_cy<1>
    SLICE_X37Y71.CIN     net (fanout=1)        0.000   clk_div_1/Mcompar_CLK_OUT_cmp_lt0001_cy<1>
    SLICE_X37Y71.COUT    Tbyp                  0.118   clk_div_1/Mcompar_CLK_OUT_cmp_lt0001_cy<3>
                                                       clk_div_1/Mcompar_CLK_OUT_cmp_lt0001_cy<2>
                                                       clk_div_1/Mcompar_CLK_OUT_cmp_lt0001_cy<3>
    SLICE_X37Y72.CIN     net (fanout=1)        0.000   clk_div_1/Mcompar_CLK_OUT_cmp_lt0001_cy<3>
    SLICE_X37Y72.COUT    Tbyp                  0.118   clk_div_1/Mcompar_CLK_OUT_cmp_lt0001_cy<5>
                                                       clk_div_1/Mcompar_CLK_OUT_cmp_lt0001_cy<4>
                                                       clk_div_1/Mcompar_CLK_OUT_cmp_lt0001_cy<5>
    SLICE_X37Y73.CIN     net (fanout=1)        0.000   clk_div_1/Mcompar_CLK_OUT_cmp_lt0001_cy<5>
    SLICE_X37Y73.COUT    Tbyp                  0.118   clk_div_1/Mcompar_CLK_OUT_cmp_lt0001_cy<7>
                                                       clk_div_1/Mcompar_CLK_OUT_cmp_lt0001_cy<6>
                                                       clk_div_1/Mcompar_CLK_OUT_cmp_lt0001_cy<7>
    SLICE_X37Y74.CIN     net (fanout=1)        0.000   clk_div_1/Mcompar_CLK_OUT_cmp_lt0001_cy<7>
    SLICE_X37Y74.COUT    Tbyp                  0.118   clk_div_1/Mcompar_CLK_OUT_cmp_lt0001_cy<9>
                                                       clk_div_1/Mcompar_CLK_OUT_cmp_lt0001_cy<8>
                                                       clk_div_1/Mcompar_CLK_OUT_cmp_lt0001_cy<9>
    SLICE_X37Y75.CIN     net (fanout=1)        0.000   clk_div_1/Mcompar_CLK_OUT_cmp_lt0001_cy<9>
    SLICE_X37Y75.COUT    Tbyp                  0.118   clk_div_1/Mcompar_CLK_OUT_cmp_lt0001_cy<11>
                                                       clk_div_1/Mcompar_CLK_OUT_cmp_lt0001_cy<10>
                                                       clk_div_1/Mcompar_CLK_OUT_cmp_lt0001_cy<11>
    SLICE_X36Y78.G1      net (fanout=2)        0.857   clk_div_1/Mcompar_CLK_OUT_cmp_lt0001_cy<11>
    SLICE_X36Y78.Y       Tilo                  0.759   clk_div_1/counter_and0000
                                                       clk_div_1/counter_and00001
    SLICE_X41Y69.SR      net (fanout=16)       2.028   clk_div_1/counter_and0000
    SLICE_X41Y69.CLK     Tsrck                 0.910   clk_div_1/counter<6>
                                                       clk_div_1/counter_6
    -------------------------------------------------  ---------------------------
    Total                                      7.921ns (4.008ns logic, 3.913ns route)
                                                       (50.6% logic, 49.4% route)

--------------------------------------------------------------------------------

Hold Paths: NET "Clk_BUFGP/IBUFG" PERIOD = 20 ns HIGH 40%;
--------------------------------------------------------------------------------

Paths for end point clk_div_1/counter_0 (SLICE_X41Y66.F4), 1 path
--------------------------------------------------------------------------------
Slack (hold path):      1.607ns (requirement - (clock path skew + uncertainty - data path))
  Source:               clk_div_1/counter_0 (FF)
  Destination:          clk_div_1/counter_0 (FF)
  Requirement:          0.000ns
  Data Path Delay:      1.607ns (Levels of Logic = 1)
  Clock Path Skew:      0.000ns
  Source Clock:         Clk_BUFGP rising at 20.000ns
  Destination Clock:    Clk_BUFGP rising at 20.000ns
  Clock Uncertainty:    0.000ns

  Minimum Data Path: clk_div_1/counter_0 to clk_div_1/counter_0
    Location             Delay type         Delay(ns)  Physical Resource
                                                       Logical Resource(s)
    -------------------------------------------------  -------------------
    SLICE_X41Y66.XQ      Tcko                  0.473   clk_div_1/counter<0>
                                                       clk_div_1/counter_0
    SLICE_X41Y66.F4      net (fanout=2)        0.333   clk_div_1/counter<0>
    SLICE_X41Y66.CLK     Tckf        (-Th)    -0.801   clk_div_1/counter<0>
                                                       clk_div_1/Mcount_counter_lut<0>_INV_0
                                                       clk_div_1/Mcount_counter_xor<0>
                                                       clk_div_1/counter_0
    -------------------------------------------------  ---------------------------
    Total                                      1.607ns (1.274ns logic, 0.333ns route)
                                                       (79.3% logic, 20.7% route)

--------------------------------------------------------------------------------

Paths for end point clk_div_1/counter_14 (SLICE_X41Y73.F4), 1 path
--------------------------------------------------------------------------------
Slack (hold path):      1.607ns (requirement - (clock path skew + uncertainty - data path))
  Source:               clk_div_1/counter_14 (FF)
  Destination:          clk_div_1/counter_14 (FF)
  Requirement:          0.000ns
  Data Path Delay:      1.607ns (Levels of Logic = 1)
  Clock Path Skew:      0.000ns
  Source Clock:         Clk_BUFGP rising at 20.000ns
  Destination Clock:    Clk_BUFGP rising at 20.000ns
  Clock Uncertainty:    0.000ns

  Minimum Data Path: clk_div_1/counter_14 to clk_div_1/counter_14
    Location             Delay type         Delay(ns)  Physical Resource
                                                       Logical Resource(s)
    -------------------------------------------------  -------------------
    SLICE_X41Y73.XQ      Tcko                  0.473   clk_div_1/counter<14>
                                                       clk_div_1/counter_14
    SLICE_X41Y73.F4      net (fanout=3)        0.333   clk_div_1/counter<14>
    SLICE_X41Y73.CLK     Tckf        (-Th)    -0.801   clk_div_1/counter<14>
                                                       clk_div_1/counter<14>_rt
                                                       clk_div_1/Mcount_counter_xor<14>
                                                       clk_div_1/counter_14
    -------------------------------------------------  ---------------------------
    Total                                      1.607ns (1.274ns logic, 0.333ns route)
                                                       (79.3% logic, 20.7% route)

--------------------------------------------------------------------------------

Paths for end point clk_div_1/counter_18 (SLICE_X41Y75.F4), 1 path
--------------------------------------------------------------------------------
Slack (hold path):      1.614ns (requirement - (clock path skew + uncertainty - data path))
  Source:               clk_div_1/counter_18 (FF)
  Destination:          clk_div_1/counter_18 (FF)
  Requirement:          0.000ns
  Data Path Delay:      1.614ns (Levels of Logic = 1)
  Clock Path Skew:      0.000ns
  Source Clock:         Clk_BUFGP rising at 20.000ns
  Destination Clock:    Clk_BUFGP rising at 20.000ns
  Clock Uncertainty:    0.000ns

  Minimum Data Path: clk_div_1/counter_18 to clk_div_1/counter_18
    Location             Delay type         Delay(ns)  Physical Resource
                                                       Logical Resource(s)
    -------------------------------------------------  -------------------
    SLICE_X41Y75.XQ      Tcko                  0.473   clk_div_1/counter<18>
                                                       clk_div_1/counter_18
    SLICE_X41Y75.F4      net (fanout=3)        0.340   clk_div_1/counter<18>
    SLICE_X41Y75.CLK     Tckf        (-Th)    -0.801   clk_div_1/counter<18>
                                                       clk_div_1/counter<18>_rt
                                                       clk_div_1/Mcount_counter_xor<18>
                                                       clk_div_1/counter_18
    -------------------------------------------------  ---------------------------
    Total                                      1.614ns (1.274ns logic, 0.340ns route)
                                                       (78.9% logic, 21.1% route)

--------------------------------------------------------------------------------

Component Switching Limit Checks: NET "Clk_BUFGP/IBUFG" PERIOD = 20 ns HIGH 40%;
--------------------------------------------------------------------------------
Slack: 18.005ns (period - (min high pulse limit / (high pulse / period)))
  Period: 20.000ns
  High pulse: 8.000ns
  High pulse limit: 0.798ns (Tch)
  Physical resource: clk_div_1/CLK_OUT1/CLK
  Logical resource: clk_div_1/CLK_OUT/CK
  Location pin: SLICE_X37Y79.CLK
  Clock network: Clk_BUFGP
--------------------------------------------------------------------------------
Slack: 18.005ns (period - (min high pulse limit / (high pulse / period)))
  Period: 20.000ns
  High pulse: 8.000ns
  High pulse limit: 0.798ns (Tch)
  Physical resource: clk_div_1/counter<0>/CLK
  Logical resource: clk_div_1/counter_0/CK
  Location pin: SLICE_X41Y66.CLK
  Clock network: Clk_BUFGP
--------------------------------------------------------------------------------
Slack: 18.005ns (period - (min high pulse limit / (high pulse / period)))
  Period: 20.000ns
  High pulse: 8.000ns
  High pulse limit: 0.798ns (Tch)
  Physical resource: clk_div_1/counter<0>/CLK
  Logical resource: clk_div_1/counter_1/CK
  Location pin: SLICE_X41Y66.CLK
  Clock network: Clk_BUFGP
--------------------------------------------------------------------------------


All constraints were met.


Data Sheet report:
-----------------
All values displayed in nanoseconds (ns)

Clock to Setup on destination clock Clk
---------------+---------+---------+---------+---------+
               | Src:Rise| Src:Fall| Src:Rise| Src:Fall|
Source Clock   |Dest:Rise|Dest:Rise|Dest:Fall|Dest:Fall|
---------------+---------+---------+---------+---------+
Clk            |    8.401|         |         |         |
---------------+---------+---------+---------+---------+


Timing summary:
---------------

Timing errors: 0  Score: 0  (Setup/Max: 0, Hold: 0)

Constraints cover 2607 paths, 0 nets, and 158 connections

Design statistics:
   Minimum period:   8.401ns{1}   (Maximum frequency: 119.033MHz)


------------------------------------Footnotes-----------------------------------
1)  The minimum period statistic assumes all single cycle delays.

Analysis completed Sun Jan 26 17:43:41 2025 
--------------------------------------------------------------------------------

Trace Settings:
-------------------------
Trace Settings 

Peak Memory Usage: 363 MB



