Command line:
   tb_control_isim_beh.exe
     -simmode  gui
     -simrunnum  0
     -socket  35386

Sun Dec 22 22:29:30 2024


 Elaboration Time: 0.04 sec

 Current Memory Usage: 196.538 Meg

 Total Signals          : 13
 Total Nets             : 13
 Total Signal Drivers   : 7
 Total Blocks           : 5
 Total Primitive Blocks : 4
 Total Processes        : 4
 Total Traceable Variables  : 11
 Total Scalar Nets and Variables : 392
Total Line Count : 24

 Total Simulation Time: 0.05 sec

 Current Memory Usage: 274.137 Meg

Sun Dec 22 22:29:37 2024

