Command line:
   tb_xorop_isim_beh.exe
     -simmode  gui
     -simrunnum  0
     -socket  40313

Sat Nov 23 16:50:26 2024


 Elaboration Time: 0.05 sec

 Current Memory Usage: 215.544 Meg

 Total Signals          : 6
 Total Nets             : 48
 Total Signal Drivers   : 3
 Total Blocks           : 3
 Total Primitive Blocks : 2
 Total Processes        : 2
 Total Traceable Variables  : 8
 Total Scalar Nets and Variables : 408
Total Line Count : 12

 Total Simulation Time: 0.07 sec

 Current Memory Usage: 293.143 Meg

Sat Nov 23 16:50:28 2024

