Running: /opt/Xilinx/14.7/ISE_DS/ISE/bin/lin64/unwrapped/fuse -intstyle ise -incremental -o /mnt/hgfs/vm_share/other/moh/direct/tb_idea_isim_beh.exe -prj /mnt/hgfs/vm_share/other/moh/direct/tb_idea_beh.prj work.tb_idea 
ISim P.20131013 (signature 0xfbc00daa)
Number of CPUs detected in this system: 1
Turning on mult-threading, number of parallel sub-compilation jobs: 0 
Determining compilation order of HDL files
Parsing VHDL file "/mnt/hgfs/vm_share/other/moh/direct/xorop.vhd" into library work
Parsing VHDL file "/mnt/hgfs/vm_share/other/moh/direct/mulop.vhd" into library work
Parsing VHDL file "/mnt/hgfs/vm_share/other/moh/direct/addop.vhd" into library work
Parsing VHDL file "/mnt/hgfs/vm_share/other/moh/direct/trafo.vhd" into library work
Parsing VHDL file "/mnt/hgfs/vm_share/other/moh/direct/round.vhd" into library work
Parsing VHDL file "/mnt/hgfs/vm_share/other/moh/direct/idea.vhd" into library work
Parsing VHDL file "/mnt/hgfs/vm_share/other/moh/direct/tb_idea.vhd" into library work
Starting static elaboration
Completed static elaboration
Fuse Memory Usage: 98640 KB
Fuse CPU Usage: 1200 ms
Compiling package standard
Compiling package std_logic_1164
Compiling package numeric_std
Compiling package std_logic_arith
Compiling package std_logic_unsigned
Compiling architecture behavioral of entity mulop [mulop_default]
Compiling architecture behavioral of entity addop [addop_default]
Compiling architecture behavioral of entity xorop [xorop_default]
Compiling architecture behavioral of entity round [\round(16)\]
Compiling architecture behavioral of entity trafo [trafo_default]
Compiling architecture structural of entity idea [\idea(16)\]
Compiling architecture behavior of entity tb_idea
Time Resolution for simulation is 1ps.
Compiled 18 VHDL Units
Built simulation executable /mnt/hgfs/vm_share/other/moh/direct/tb_idea_isim_beh.exe
Fuse Memory Usage: 117556 KB
Fuse CPU Usage: 1340 ms
GCC CPU Usage: 470 ms
