Command line:
   tb_key_generator_isim_beh.exe
     -simmode  gui
     -simrunnum  0
     -socket  47005

Sun Dec 22 22:27:02 2024


 Elaboration Time: 0.03 sec

 Current Memory Usage: 196.436 Meg

 Total Signals          : 6
 Total Nets             : 228
 Total Signal Drivers   : 3
 Total Blocks           : 3
 Total Primitive Blocks : 2
 Total Processes        : 2
 Total Traceable Variables  : 8
 Total Scalar Nets and Variables : 588
Total Line Count : 45

 Total Simulation Time: 0.04 sec

 Current Memory Usage: 274.035 Meg

Sun Dec 22 22:27:05 2024

